<?xml version="1.0" encoding="UTF-8"?>
<!-- Generated by org.testng.reporters.JUnitXMLReporter -->
<testsuite hostname="Lenovo" ignored="0" name="Default test(failed)(failed)" tests="6" failures="1" timestamp="02 Dec 2024 08:25:43 GMT" time="0.195" errors="0">
  <testcase name="tc1" time="0.023" classname="org.testng.framework.RerunDemo"/>
  <testcase name="tc2" time="0.014" classname="org.testng.framework.RerunDemo">
    <skipped/>
  </testcase> <!-- tc2 -->
  <testcase name="tc2" time="0.009" classname="org.testng.framework.RerunDemo">
    <skipped/>
  </testcase> <!-- tc2 -->
  <testcase name="tc2" time="0.008" classname="org.testng.framework.RerunDemo">
    <skipped/>
  </testcase> <!-- tc2 -->
  <testcase name="tc2" time="0.008" classname="org.testng.framework.RerunDemo">
    <failure type="java.lang.AssertionError" message="expected [true] but found [false]">
      <![CDATA[java.lang.AssertionError: expected [true] but found [false]
... Removed 30 stack frames]]>
    </failure>
  </testcase> <!-- tc2 -->
  <testcase name="tc3" time="0.023" classname="org.testng.framework.RerunDemo"/>
</testsuite> <!-- Default test(failed)(failed) -->
